{"/Users/jeffersonchukwuka/IdeaProjects/ss24-web-service/src/api/app.js": {"path":"/Users/jeffersonchukwuka/IdeaProjects/ss24-web-service/src/api/app.js","statementMap":{"0":{"start":{"line":1,"column":0},"end":{"line":1,"column":25}},"1":{"start":{"line":2,"column":16},"end":{"line":2,"column":34}},"2":{"start":{"line":3,"column":13},"end":{"line":3,"column":28}},"3":{"start":{"line":4,"column":17},"end":{"line":4,"column":36}},"4":{"start":{"line":6,"column":19},"end":{"line":6,"column":41}},"5":{"start":{"line":7,"column":49},"end":{"line":7,"column":79}},"6":{"start":{"line":10,"column":12},"end":{"line":10,"column":21}},"7":{"start":{"line":11,"column":13},"end":{"line":11,"column":37}},"8":{"start":{"line":13,"column":0},"end":{"line":13,"column":27}},"9":{"start":{"line":15,"column":0},"end":{"line":15,"column":68}},"10":{"start":{"line":16,"column":0},"end":{"line":16,"column":24}},"11":{"start":{"line":19,"column":0},"end":{"line":19,"column":31}},"12":{"start":{"line":20,"column":0},"end":{"line":20,"column":26}},"13":{"start":{"line":22,"column":0},"end":{"line":22,"column":16}},"14":{"start":{"line":24,"column":0},"end":{"line":30,"column":2}},"15":{"start":{"line":27,"column":4},"end":{"line":27,"column":45}},"16":{"start":{"line":28,"column":4},"end":{"line":28,"column":28}},"17":{"start":{"line":29,"column":4},"end":{"line":29,"column":11}},"18":{"start":{"line":31,"column":0},"end":{"line":31,"column":49}},"19":{"start":{"line":32,"column":0},"end":{"line":32,"column":58}},"20":{"start":{"line":34,"column":0},"end":{"line":36,"column":3}},"21":{"start":{"line":35,"column":4},"end":{"line":35,"column":69}},"22":{"start":{"line":37,"column":0},"end":{"line":37,"column":31}}},"fnMap":{"0":{"name":"(anonymous_0)","decl":{"start":{"line":26,"column":13},"end":{"line":26,"column":14}},"loc":{"start":{"line":26,"column":33},"end":{"line":30,"column":1}},"line":26},"1":{"name":"(anonymous_1)","decl":{"start":{"line":34,"column":13},"end":{"line":34,"column":14}},"loc":{"start":{"line":34,"column":27},"end":{"line":36,"column":1}},"line":34}},"branchMap":{"0":{"loc":{"start":{"line":11,"column":13},"end":{"line":11,"column":37}},"type":"binary-expr","locations":[{"start":{"line":11,"column":13},"end":{"line":11,"column":29}},{"start":{"line":11,"column":33},"end":{"line":11,"column":37}}],"line":11}},"s":{"0":1,"1":1,"2":1,"3":1,"4":1,"5":1,"6":1,"7":1,"8":1,"9":1,"10":1,"11":1,"12":1,"13":1,"14":1,"15":1,"16":1,"17":1,"18":1,"19":1,"20":1,"21":0,"22":1},"f":{"0":1,"1":0},"b":{"0":[1,0]},"_coverageSchema":"1a1c01bbd47fc00a2c39e90264f33305004495a9","hash":"5af20611bac3447a4cab596ea4d9bb2dafa104a4"}
,"/Users/jeffersonchukwuka/IdeaProjects/ss24-web-service/src/api/config/roles.js": {"path":"/Users/jeffersonchukwuka/IdeaProjects/ss24-web-service/src/api/config/roles.js","statementMap":{"0":{"start":{"line":1,"column":20},"end":{"line":1,"column":28}},"1":{"start":{"line":2,"column":19},"end":{"line":2,"column":26}},"2":{"start":{"line":4,"column":17},"end":{"line":11,"column":1}},"3":{"start":{"line":5,"column":4},"end":{"line":5,"column":24}},"4":{"start":{"line":6,"column":4},"end":{"line":10,"column":5}},"5":{"start":{"line":7,"column":8},"end":{"line":7,"column":22}},"6":{"start":{"line":9,"column":8},"end":{"line":9,"column":57}},"7":{"start":{"line":12,"column":16},"end":{"line":20,"column":1}},"8":{"start":{"line":13,"column":4},"end":{"line":13,"column":24}},"9":{"start":{"line":15,"column":4},"end":{"line":19,"column":5}},"10":{"start":{"line":16,"column":8},"end":{"line":16,"column":22}},"11":{"start":{"line":18,"column":8},"end":{"line":18,"column":57}},"12":{"start":{"line":22,"column":0},"end":{"line":22,"column":38}}},"fnMap":{"0":{"name":"(anonymous_0)","decl":{"start":{"line":4,"column":17},"end":{"line":4,"column":18}},"loc":{"start":{"line":4,"column":46},"end":{"line":11,"column":1}},"line":4},"1":{"name":"(anonymous_1)","decl":{"start":{"line":12,"column":16},"end":{"line":12,"column":17}},"loc":{"start":{"line":12,"column":45},"end":{"line":20,"column":1}},"line":12}},"branchMap":{"0":{"loc":{"start":{"line":6,"column":4},"end":{"line":10,"column":5}},"type":"if","locations":[{"start":{"line":6,"column":4},"end":{"line":10,"column":5}},{"start":{"line":8,"column":11},"end":{"line":10,"column":5}}],"line":6},"1":{"loc":{"start":{"line":6,"column":8},"end":{"line":6,"column":64}},"type":"binary-expr","locations":[{"start":{"line":6,"column":8},"end":{"line":6,"column":20}},{"start":{"line":6,"column":24},"end":{"line":6,"column":64}}],"line":6},"2":{"loc":{"start":{"line":15,"column":4},"end":{"line":19,"column":5}},"type":"if","locations":[{"start":{"line":15,"column":4},"end":{"line":19,"column":5}},{"start":{"line":17,"column":11},"end":{"line":19,"column":5}}],"line":15},"3":{"loc":{"start":{"line":15,"column":8},"end":{"line":15,"column":63}},"type":"binary-expr","locations":[{"start":{"line":15,"column":8},"end":{"line":15,"column":20}},{"start":{"line":15,"column":24},"end":{"line":15,"column":63}}],"line":15}},"s":{"0":1,"1":1,"2":1,"3":0,"4":0,"5":0,"6":0,"7":1,"8":0,"9":0,"10":0,"11":0,"12":1},"f":{"0":0,"1":0},"b":{"0":[0,0],"1":[0,0],"2":[0,0],"3":[0,0]},"_coverageSchema":"1a1c01bbd47fc00a2c39e90264f33305004495a9","hash":"df85e5665f6b1670d00ef797ee38cdf6d8fad873"}
,"/Users/jeffersonchukwuka/IdeaProjects/ss24-web-service/src/api/controllers/_index.js": {"path":"/Users/jeffersonchukwuka/IdeaProjects/ss24-web-service/src/api/controllers/_index.js","statementMap":{"0":{"start":{"line":1,"column":11},"end":{"line":1,"column":24}},"1":{"start":{"line":2,"column":13},"end":{"line":2,"column":28}},"2":{"start":{"line":3,"column":23},"end":{"line":3,"column":84}},"3":{"start":{"line":4,"column":25},"end":{"line":4,"column":70}},"4":{"start":{"line":5,"column":21},"end":{"line":5,"column":78}},"5":{"start":{"line":6,"column":23},"end":{"line":6,"column":67}},"6":{"start":{"line":7,"column":34},"end":{"line":7,"column":80}},"7":{"start":{"line":9,"column":15},"end":{"line":9,"column":48}},"8":{"start":{"line":10,"column":13},"end":{"line":10,"column":42}},"9":{"start":{"line":12,"column":0},"end":{"line":21,"column":2}}},"fnMap":{},"branchMap":{},"s":{"0":1,"1":1,"2":1,"3":1,"4":1,"5":1,"6":1,"7":1,"8":1,"9":1},"f":{},"b":{},"_coverageSchema":"1a1c01bbd47fc00a2c39e90264f33305004495a9","hash":"a21fef1aa1f7c5cb111a1f3b9a224f82794fe62b"}
,"/Users/jeffersonchukwuka/IdeaProjects/ss24-web-service/src/api/controllers/avatarControllers/createAvatarController.js": {"path":"/Users/jeffersonchukwuka/IdeaProjects/ss24-web-service/src/api/controllers/avatarControllers/createAvatarController.js","statementMap":{"0":{"start":{"line":1,"column":84},"end":{"line":1,"column":104}},"1":{"start":{"line":3,"column":21},"end":{"line":18,"column":1}},"2":{"start":{"line":4,"column":100},"end":{"line":4,"column":108}},"3":{"start":{"line":5,"column":22},"end":{"line":5,"column":118}},"4":{"start":{"line":7,"column":4},"end":{"line":17,"column":5}},"5":{"start":{"line":8,"column":8},"end":{"line":8,"column":68}},"6":{"start":{"line":9,"column":24},"end":{"line":9,"column":78}},"7":{"start":{"line":10,"column":8},"end":{"line":10,"column":32}},"8":{"start":{"line":12,"column":8},"end":{"line":12,"column":86}},"9":{"start":{"line":13,"column":8},"end":{"line":13,"column":146}},"10":{"start":{"line":15,"column":8},"end":{"line":15,"column":53}},"11":{"start":{"line":16,"column":8},"end":{"line":16,"column":54}},"12":{"start":{"line":20,"column":0},"end":{"line":20,"column":30}}},"fnMap":{"0":{"name":"(anonymous_0)","decl":{"start":{"line":3,"column":21},"end":{"line":3,"column":22}},"loc":{"start":{"line":3,"column":41},"end":{"line":18,"column":1}},"line":3}},"branchMap":{},"s":{"0":1,"1":1,"2":0,"3":0,"4":0,"5":0,"6":0,"7":0,"8":0,"9":0,"10":0,"11":0,"12":1},"f":{"0":0},"b":{},"_coverageSchema":"1a1c01bbd47fc00a2c39e90264f33305004495a9","hash":"6d6da70c9e23481a880d6602781e402a319f18d0"}
,"/Users/jeffersonchukwuka/IdeaProjects/ss24-web-service/src/api/controllers/avatarControllers/deleteAvatarController.js": {"path":"/Users/jeffersonchukwuka/IdeaProjects/ss24-web-service/src/api/controllers/avatarControllers/deleteAvatarController.js","statementMap":{"0":{"start":{"line":1,"column":76},"end":{"line":1,"column":96}},"1":{"start":{"line":3,"column":21},"end":{"line":18,"column":1}},"2":{"start":{"line":4,"column":4},"end":{"line":17,"column":5}},"3":{"start":{"line":5,"column":8},"end":{"line":5,"column":68}},"4":{"start":{"line":6,"column":24},"end":{"line":6,"column":78}},"5":{"start":{"line":7,"column":33},"end":{"line":7,"column":89}},"6":{"start":{"line":7,"column":61},"end":{"line":7,"column":88}},"7":{"start":{"line":9,"column":8},"end":{"line":13,"column":36}},"8":{"start":{"line":15,"column":8},"end":{"line":15,"column":53}},"9":{"start":{"line":16,"column":8},"end":{"line":16,"column":54}},"10":{"start":{"line":20,"column":0},"end":{"line":20,"column":30}}},"fnMap":{"0":{"name":"(anonymous_0)","decl":{"start":{"line":3,"column":21},"end":{"line":3,"column":22}},"loc":{"start":{"line":3,"column":41},"end":{"line":18,"column":1}},"line":3},"1":{"name":"(anonymous_1)","decl":{"start":{"line":7,"column":51},"end":{"line":7,"column":52}},"loc":{"start":{"line":7,"column":61},"end":{"line":7,"column":88}},"line":7}},"branchMap":{"0":{"loc":{"start":{"line":9,"column":8},"end":{"line":11,"column":50}},"type":"cond-expr","locations":[{"start":{"line":10,"column":14},"end":{"line":10,"column":67}},{"start":{"line":11,"column":15},"end":{"line":11,"column":50}}],"line":9}},"s":{"0":1,"1":1,"2":0,"3":0,"4":0,"5":0,"6":0,"7":0,"8":0,"9":0,"10":1},"f":{"0":0,"1":0},"b":{"0":[0,0]},"_coverageSchema":"1a1c01bbd47fc00a2c39e90264f33305004495a9","hash":"d71186b21eb3ad466975ffd4bd26c8328918b684"}
,"/Users/jeffersonchukwuka/IdeaProjects/ss24-web-service/src/api/controllers/avatarControllers/getAvatarsController.js": {"path":"/Users/jeffersonchukwuka/IdeaProjects/ss24-web-service/src/api/controllers/avatarControllers/getAvatarsController.js","statementMap":{"0":{"start":{"line":1,"column":76},"end":{"line":1,"column":96}},"1":{"start":{"line":3,"column":22},"end":{"line":27,"column":1}},"2":{"start":{"line":4,"column":4},"end":{"line":25,"column":5}},"3":{"start":{"line":5,"column":8},"end":{"line":5,"column":68}},"4":{"start":{"line":6,"column":24},"end":{"line":6,"column":78}},"5":{"start":{"line":12,"column":39},"end":{"line":12,"column":48}},"6":{"start":{"line":15,"column":27},"end":{"line":15,"column":44}},"7":{"start":{"line":16,"column":25},"end":{"line":16,"column":52}},"8":{"start":{"line":17,"column":33},"end":{"line":17,"column":68}},"9":{"start":{"line":20,"column":8},"end":{"line":20,"column":35}},"10":{"start":{"line":23,"column":8},"end":{"line":23,"column":53}},"11":{"start":{"line":24,"column":8},"end":{"line":24,"column":54}},"12":{"start":{"line":28,"column":21},"end":{"line":42,"column":1}},"13":{"start":{"line":29,"column":4},"end":{"line":41,"column":5}},"14":{"start":{"line":30,"column":8},"end":{"line":30,"column":68}},"15":{"start":{"line":31,"column":24},"end":{"line":31,"column":79}},"16":{"start":{"line":32,"column":28},"end":{"line":32,"column":79}},"17":{"start":{"line":32,"column":51},"end":{"line":32,"column":78}},"18":{"start":{"line":34,"column":8},"end":{"line":36,"column":65}},"19":{"start":{"line":39,"column":8},"end":{"line":39,"column":53}},"20":{"start":{"line":40,"column":8},"end":{"line":40,"column":54}},"21":{"start":{"line":43,"column":0},"end":{"line":43,"column":48}}},"fnMap":{"0":{"name":"(anonymous_0)","decl":{"start":{"line":3,"column":22},"end":{"line":3,"column":23}},"loc":{"start":{"line":3,"column":41},"end":{"line":27,"column":1}},"line":3},"1":{"name":"(anonymous_1)","decl":{"start":{"line":28,"column":21},"end":{"line":28,"column":22}},"loc":{"start":{"line":28,"column":40},"end":{"line":42,"column":1}},"line":28},"2":{"name":"(anonymous_2)","decl":{"start":{"line":32,"column":41},"end":{"line":32,"column":42}},"loc":{"start":{"line":32,"column":51},"end":{"line":32,"column":78}},"line":32}},"branchMap":{"0":{"loc":{"start":{"line":12,"column":16},"end":{"line":12,"column":24}},"type":"default-arg","locations":[{"start":{"line":12,"column":23},"end":{"line":12,"column":24}}],"line":12},"1":{"loc":{"start":{"line":12,"column":26},"end":{"line":12,"column":34}},"type":"default-arg","locations":[{"start":{"line":12,"column":33},"end":{"line":12,"column":34}}],"line":12},"2":{"loc":{"start":{"line":34,"column":8},"end":{"line":36,"column":65}},"type":"cond-expr","locations":[{"start":{"line":35,"column":14},"end":{"line":35,"column":82}},{"start":{"line":36,"column":14},"end":{"line":36,"column":65}}],"line":34}},"s":{"0":1,"1":1,"2":0,"3":0,"4":0,"5":0,"6":0,"7":0,"8":0,"9":0,"10":0,"11":0,"12":1,"13":0,"14":0,"15":0,"16":0,"17":0,"18":0,"19":0,"20":0,"21":1},"f":{"0":0,"1":0,"2":0},"b":{"0":[0],"1":[0],"2":[0,0]},"_coverageSchema":"1a1c01bbd47fc00a2c39e90264f33305004495a9","hash":"17d7375cb6eabbf552ff7a8dd1beb5bc12bb0593"}
,"/Users/jeffersonchukwuka/IdeaProjects/ss24-web-service/src/api/controllers/avatarControllers/updateAvatarController.js": {"path":"/Users/jeffersonchukwuka/IdeaProjects/ss24-web-service/src/api/controllers/avatarControllers/updateAvatarController.js","statementMap":{"0":{"start":{"line":1,"column":76},"end":{"line":1,"column":96}},"1":{"start":{"line":3,"column":21},"end":{"line":22,"column":1}},"2":{"start":{"line":4,"column":4},"end":{"line":20,"column":5}},"3":{"start":{"line":5,"column":8},"end":{"line":5,"column":68}},"4":{"start":{"line":6,"column":30},"end":{"line":6,"column":38}},"5":{"start":{"line":7,"column":24},"end":{"line":7,"column":78}},"6":{"start":{"line":9,"column":33},"end":{"line":9,"column":89}},"7":{"start":{"line":9,"column":61},"end":{"line":9,"column":88}},"8":{"start":{"line":11,"column":8},"end":{"line":15,"column":103}},"9":{"start":{"line":18,"column":8},"end":{"line":18,"column":53}},"10":{"start":{"line":19,"column":8},"end":{"line":19,"column":54}},"11":{"start":{"line":24,"column":0},"end":{"line":24,"column":30}}},"fnMap":{"0":{"name":"(anonymous_0)","decl":{"start":{"line":3,"column":21},"end":{"line":3,"column":22}},"loc":{"start":{"line":3,"column":39},"end":{"line":22,"column":1}},"line":3},"1":{"name":"(anonymous_1)","decl":{"start":{"line":9,"column":51},"end":{"line":9,"column":52}},"loc":{"start":{"line":9,"column":61},"end":{"line":9,"column":88}},"line":9}},"branchMap":{"0":{"loc":{"start":{"line":11,"column":8},"end":{"line":13,"column":92}},"type":"cond-expr","locations":[{"start":{"line":12,"column":14},"end":{"line":12,"column":67}},{"start":{"line":13,"column":14},"end":{"line":13,"column":92}}],"line":11}},"s":{"0":1,"1":1,"2":0,"3":0,"4":0,"5":0,"6":0,"7":0,"8":0,"9":0,"10":0,"11":1},"f":{"0":0,"1":0},"b":{"0":[0,0]},"_coverageSchema":"1a1c01bbd47fc00a2c39e90264f33305004495a9","hash":"eb03cecae801219899e4eed8a6db6389f0f31244"}
,"/Users/jeffersonchukwuka/IdeaProjects/ss24-web-service/src/api/controllers/userControllers/authUserController.js": {"path":"/Users/jeffersonchukwuka/IdeaProjects/ss24-web-service/src/api/controllers/userControllers/authUserController.js","statementMap":{"0":{"start":{"line":1,"column":12},"end":{"line":1,"column":35}},"1":{"start":{"line":3,"column":20},"end":{"line":33,"column":1}},"2":{"start":{"line":4,"column":4},"end":{"line":31,"column":5}},"3":{"start":{"line":5,"column":28},"end":{"line":14,"column":9}},"4":{"start":{"line":15,"column":29},"end":{"line":24,"column":9}},"5":{"start":{"line":25,"column":8},"end":{"line":25,"column":121}},"6":{"start":{"line":27,"column":8},"end":{"line":27,"column":51}},"7":{"start":{"line":29,"column":8},"end":{"line":29,"column":50}},"8":{"start":{"line":30,"column":8},"end":{"line":30,"column":54}},"9":{"start":{"line":32,"column":4},"end":{"line":32,"column":11}},"10":{"start":{"line":35,"column":0},"end":{"line":35,"column":29}}},"fnMap":{"0":{"name":"(anonymous_0)","decl":{"start":{"line":3,"column":20},"end":{"line":3,"column":21}},"loc":{"start":{"line":3,"column":46},"end":{"line":33,"column":1}},"line":3}},"branchMap":{},"s":{"0":1,"1":1,"2":1,"3":1,"4":1,"5":1,"6":1,"7":0,"8":0,"9":0,"10":1},"f":{"0":1},"b":{},"_coverageSchema":"1a1c01bbd47fc00a2c39e90264f33305004495a9","hash":"c04438eef51cbfa766230ba5f24ac2b937fbb33f"}
,"/Users/jeffersonchukwuka/IdeaProjects/ss24-web-service/src/api/controllers/userControllers/createUserController.js": {"path":"/Users/jeffersonchukwuka/IdeaProjects/ss24-web-service/src/api/controllers/userControllers/createUserController.js","statementMap":{"0":{"start":{"line":1,"column":78},"end":{"line":1,"column":98}},"1":{"start":{"line":2,"column":15},"end":{"line":2,"column":32}},"2":{"start":{"line":3,"column":19},"end":{"line":19,"column":1}},"3":{"start":{"line":4,"column":48},"end":{"line":4,"column":56}},"4":{"start":{"line":5,"column":27},"end":{"line":5,"column":58}},"5":{"start":{"line":6,"column":20},"end":{"line":6,"column":68}},"6":{"start":{"line":8,"column":4},"end":{"line":18,"column":5}},"7":{"start":{"line":9,"column":8},"end":{"line":9,"column":64}},"8":{"start":{"line":10,"column":22},"end":{"line":10,"column":74}},"9":{"start":{"line":11,"column":8},"end":{"line":11,"column":27}},"10":{"start":{"line":13,"column":8},"end":{"line":13,"column":82}},"11":{"start":{"line":14,"column":8},"end":{"line":14,"column":92}},"12":{"start":{"line":16,"column":8},"end":{"line":16,"column":51}},"13":{"start":{"line":17,"column":8},"end":{"line":17,"column":54}},"14":{"start":{"line":21,"column":0},"end":{"line":21,"column":28}}},"fnMap":{"0":{"name":"(anonymous_0)","decl":{"start":{"line":3,"column":19},"end":{"line":3,"column":20}},"loc":{"start":{"line":3,"column":39},"end":{"line":19,"column":1}},"line":3}},"branchMap":{},"s":{"0":1,"1":1,"2":1,"3":0,"4":0,"5":0,"6":0,"7":0,"8":0,"9":0,"10":0,"11":0,"12":0,"13":0,"14":1},"f":{"0":0},"b":{},"_coverageSchema":"1a1c01bbd47fc00a2c39e90264f33305004495a9","hash":"847546ca081fe56864875e4115fca550a73d407d"}
,"/Users/jeffersonchukwuka/IdeaProjects/ss24-web-service/src/api/helper/ensureFolderAndFilesExist.js": {"path":"/Users/jeffersonchukwuka/IdeaProjects/ss24-web-service/src/api/helper/ensureFolderAndFilesExist.js","statementMap":{"0":{"start":{"line":1,"column":11},"end":{"line":1,"column":24}},"1":{"start":{"line":3,"column":34},"end":{"line":16,"column":1}},"2":{"start":{"line":4,"column":4},"end":{"line":15,"column":5}},"3":{"start":{"line":5,"column":8},"end":{"line":8,"column":9}},"4":{"start":{"line":6,"column":12},"end":{"line":6,"column":48}},"5":{"start":{"line":7,"column":12},"end":{"line":7,"column":54}},"6":{"start":{"line":9,"column":8},"end":{"line":12,"column":9}},"7":{"start":{"line":10,"column":12},"end":{"line":10,"column":56}},"8":{"start":{"line":11,"column":12},"end":{"line":11,"column":50}},"9":{"start":{"line":14,"column":8},"end":{"line":14,"column":67}},"10":{"start":{"line":18,"column":0},"end":{"line":18,"column":43}}},"fnMap":{"0":{"name":"(anonymous_0)","decl":{"start":{"line":3,"column":34},"end":{"line":3,"column":35}},"loc":{"start":{"line":3,"column":66},"end":{"line":16,"column":1}},"line":3}},"branchMap":{"0":{"loc":{"start":{"line":5,"column":8},"end":{"line":8,"column":9}},"type":"if","locations":[{"start":{"line":5,"column":8},"end":{"line":8,"column":9}},{"start":{},"end":{}}],"line":5},"1":{"loc":{"start":{"line":9,"column":8},"end":{"line":12,"column":9}},"type":"if","locations":[{"start":{"line":9,"column":8},"end":{"line":12,"column":9}},{"start":{},"end":{}}],"line":9}},"s":{"0":1,"1":1,"2":1,"3":1,"4":0,"5":0,"6":1,"7":0,"8":0,"9":0,"10":1},"f":{"0":1},"b":{"0":[0,1],"1":[0,1]},"_coverageSchema":"1a1c01bbd47fc00a2c39e90264f33305004495a9","hash":"f0e1cb65e09dd5eff35c2944271a7dc3a728c22d"}
,"/Users/jeffersonchukwuka/IdeaProjects/ss24-web-service/src/api/middleware/_index.js": {"path":"/Users/jeffersonchukwuka/IdeaProjects/ss24-web-service/src/api/middleware/_index.js","statementMap":{"0":{"start":{"line":1,"column":19},"end":{"line":1,"column":38}},"1":{"start":{"line":2,"column":21},"end":{"line":2,"column":36}},"2":{"start":{"line":3,"column":11},"end":{"line":3,"column":24}},"3":{"start":{"line":4,"column":13},"end":{"line":4,"column":28}},"4":{"start":{"line":5,"column":26},"end":{"line":5,"column":50}},"5":{"start":{"line":6,"column":45},"end":{"line":6,"column":68}},"6":{"start":{"line":7,"column":15},"end":{"line":7,"column":32}},"7":{"start":{"line":8,"column":21},"end":{"line":8,"column":78}},"8":{"start":{"line":10,"column":0},"end":{"line":20,"column":1}}},"fnMap":{},"branchMap":{},"s":{"0":1,"1":1,"2":1,"3":1,"4":1,"5":1,"6":1,"7":1,"8":1},"f":{},"b":{},"_coverageSchema":"1a1c01bbd47fc00a2c39e90264f33305004495a9","hash":"1a26dbb3932e34fe323a509b8ad6276117333f52"}
,"/Users/jeffersonchukwuka/IdeaProjects/ss24-web-service/src/api/middleware/export.js": {"path":"/Users/jeffersonchukwuka/IdeaProjects/ss24-web-service/src/api/middleware/export.js","statementMap":{"0":{"start":{"line":1,"column":15},"end":{"line":1,"column":35}},"1":{"start":{"line":2,"column":20},"end":{"line":2,"column":44}},"2":{"start":{"line":3,"column":25},"end":{"line":3,"column":48}},"3":{"start":{"line":5,"column":0},"end":{"line":9,"column":1}}},"fnMap":{},"branchMap":{},"s":{"0":1,"1":1,"2":1,"3":1},"f":{},"b":{},"_coverageSchema":"1a1c01bbd47fc00a2c39e90264f33305004495a9","hash":"6d0e15011f7dbb1dc32d2e9876f33fd68a2fae0f"}
,"/Users/jeffersonchukwuka/IdeaProjects/ss24-web-service/src/api/middleware/jwtStrategy.js": {"path":"/Users/jeffersonchukwuka/IdeaProjects/ss24-web-service/src/api/middleware/jwtStrategy.js","statementMap":{"0":{"start":{"line":1,"column":34},"end":{"line":1,"column":53}},"1":{"start":{"line":3,"column":16},"end":{"line":6,"column":1}},"2":{"start":{"line":7,"column":20},"end":{"line":15,"column":1}},"3":{"start":{"line":9,"column":8},"end":{"line":13,"column":10}},"4":{"start":{"line":16,"column":0},"end":{"line":16,"column":29}}},"fnMap":{"0":{"name":"(anonymous_0)","decl":{"start":{"line":8,"column":4},"end":{"line":8,"column":5}},"loc":{"start":{"line":8,"column":31},"end":{"line":14,"column":5}},"line":8}},"branchMap":{},"s":{"0":1,"1":1,"2":1,"3":0,"4":1},"f":{"0":0},"b":{},"_coverageSchema":"1a1c01bbd47fc00a2c39e90264f33305004495a9","hash":"cc01887876146bb7f02d7dfa755a0b397781637b"}
,"/Users/jeffersonchukwuka/IdeaProjects/ss24-web-service/src/api/middleware/logReqs.js": {"path":"/Users/jeffersonchukwuka/IdeaProjects/ss24-web-service/src/api/middleware/logReqs.js","statementMap":{"0":{"start":{"line":1,"column":34},"end":{"line":1,"column":53}},"1":{"start":{"line":3,"column":34},"end":{"line":3,"column":80}},"2":{"start":{"line":5,"column":23},"end":{"line":5,"column":57}},"3":{"start":{"line":6,"column":21},"end":{"line":6,"column":61}},"4":{"start":{"line":8,"column":16},"end":{"line":26,"column":1}},"5":{"start":{"line":9,"column":4},"end":{"line":9,"column":66}},"6":{"start":{"line":11,"column":22},"end":{"line":11,"column":63}},"7":{"start":{"line":12,"column":16},"end":{"line":16,"column":5}},"8":{"start":{"line":18,"column":4},"end":{"line":25,"column":5}},"9":{"start":{"line":19,"column":21},"end":{"line":19,"column":82}},"10":{"start":{"line":20,"column":8},"end":{"line":20,"column":23}},"11":{"start":{"line":22,"column":8},"end":{"line":22,"column":81}},"12":{"start":{"line":24,"column":8},"end":{"line":24,"column":52}},"13":{"start":{"line":28,"column":15},"end":{"line":37,"column":1}},"14":{"start":{"line":29,"column":36},"end":{"line":29,"column":39}},"15":{"start":{"line":30,"column":23},"end":{"line":34,"column":5}},"16":{"start":{"line":35,"column":4},"end":{"line":35,"column":24}},"17":{"start":{"line":36,"column":4},"end":{"line":36,"column":11}},"18":{"start":{"line":39,"column":0},"end":{"line":39,"column":25}}},"fnMap":{"0":{"name":"(anonymous_0)","decl":{"start":{"line":8,"column":16},"end":{"line":8,"column":17}},"loc":{"start":{"line":8,"column":35},"end":{"line":26,"column":1}},"line":8},"1":{"name":"(anonymous_1)","decl":{"start":{"line":28,"column":15},"end":{"line":28,"column":16}},"loc":{"start":{"line":28,"column":35},"end":{"line":37,"column":1}},"line":28}},"branchMap":{},"s":{"0":1,"1":1,"2":1,"3":1,"4":1,"5":1,"6":1,"7":1,"8":1,"9":1,"10":1,"11":1,"12":0,"13":1,"14":1,"15":1,"16":1,"17":1,"18":1},"f":{"0":1,"1":1},"b":{},"_coverageSchema":"1a1c01bbd47fc00a2c39e90264f33305004495a9","hash":"af8e024c46075bcebef7669fa21d9d47b3c671ae"}
,"/Users/jeffersonchukwuka/IdeaProjects/ss24-web-service/src/api/middleware/verifyUser.js": {"path":"/Users/jeffersonchukwuka/IdeaProjects/ss24-web-service/src/api/middleware/verifyUser.js","statementMap":{"0":{"start":{"line":1,"column":52},"end":{"line":1,"column":71}},"1":{"start":{"line":3,"column":25},"end":{"line":18,"column":1}},"2":{"start":{"line":5,"column":8},"end":{"line":16,"column":9}},"3":{"start":{"line":6,"column":26},"end":{"line":6,"column":78}},"4":{"start":{"line":7,"column":30},"end":{"line":7,"column":74}},"5":{"start":{"line":7,"column":49},"end":{"line":7,"column":73}},"6":{"start":{"line":8,"column":12},"end":{"line":13,"column":13}},"7":{"start":{"line":9,"column":32},"end":{"line":9,"column":82}},"8":{"start":{"line":10,"column":16},"end":{"line":10,"column":71}},"9":{"start":{"line":12,"column":16},"end":{"line":12,"column":34}},"10":{"start":{"line":15,"column":12},"end":{"line":15,"column":22}},"11":{"start":{"line":19,"column":0},"end":{"line":19,"column":34}}},"fnMap":{"0":{"name":"(anonymous_0)","decl":{"start":{"line":4,"column":4},"end":{"line":4,"column":5}},"loc":{"start":{"line":4,"column":44},"end":{"line":17,"column":5}},"line":4},"1":{"name":"(anonymous_1)","decl":{"start":{"line":7,"column":41},"end":{"line":7,"column":42}},"loc":{"start":{"line":7,"column":49},"end":{"line":7,"column":73}},"line":7}},"branchMap":{"0":{"loc":{"start":{"line":8,"column":12},"end":{"line":13,"column":13}},"type":"if","locations":[{"start":{"line":8,"column":12},"end":{"line":13,"column":13}},{"start":{"line":11,"column":19},"end":{"line":13,"column":13}}],"line":8},"1":{"loc":{"start":{"line":10,"column":16},"end":{"line":10,"column":70}},"type":"cond-expr","locations":[{"start":{"line":10,"column":26},"end":{"line":10,"column":47}},{"start":{"line":10,"column":50},"end":{"line":10,"column":70}}],"line":10}},"s":{"0":1,"1":1,"2":1,"3":1,"4":1,"5":3,"6":1,"7":1,"8":1,"9":0,"10":0,"11":1},"f":{"0":1,"1":3},"b":{"0":[1,0],"1":[1,0]},"_coverageSchema":"1a1c01bbd47fc00a2c39e90264f33305004495a9","hash":"c51ab41d6567eaab093f6b0719d590cee8356414"}
,"/Users/jeffersonchukwuka/IdeaProjects/ss24-web-service/src/api/model/avatar/Avatar.js": {"path":"/Users/jeffersonchukwuka/IdeaProjects/ss24-web-service/src/api/model/avatar/Avatar.js","statementMap":{"0":{"start":{"line":1,"column":23},"end":{"line":1,"column":38}},"1":{"start":{"line":4,"column":8},"end":{"line":4,"column":27}},"2":{"start":{"line":5,"column":8},"end":{"line":5,"column":37}},"3":{"start":{"line":6,"column":8},"end":{"line":6,"column":34}},"4":{"start":{"line":7,"column":8},"end":{"line":7,"column":35}},"5":{"start":{"line":8,"column":8},"end":{"line":8,"column":35}},"6":{"start":{"line":9,"column":8},"end":{"line":9,"column":35}},"7":{"start":{"line":10,"column":8},"end":{"line":10,"column":43}},"8":{"start":{"line":11,"column":8},"end":{"line":11,"column":43}},"9":{"start":{"line":12,"column":8},"end":{"line":12,"column":50}},"10":{"start":{"line":15,"column":0},"end":{"line":15,"column":24}}},"fnMap":{"0":{"name":"(anonymous_0)","decl":{"start":{"line":3,"column":4},"end":{"line":3,"column":5}},"loc":{"start":{"line":3,"column":102},"end":{"line":13,"column":5}},"line":3}},"branchMap":{},"s":{"0":1,"1":0,"2":0,"3":0,"4":0,"5":0,"6":0,"7":0,"8":0,"9":0,"10":1},"f":{"0":0},"b":{},"_coverageSchema":"1a1c01bbd47fc00a2c39e90264f33305004495a9","hash":"67eed448dfebfb742aa21d151d55de06342a7e18"}
,"/Users/jeffersonchukwuka/IdeaProjects/ss24-web-service/src/api/model/avatar/avatar.schema.js": {"path":"/Users/jeffersonchukwuka/IdeaProjects/ss24-web-service/src/api/model/avatar/avatar.schema.js","statementMap":{"0":{"start":{"line":1,"column":12},"end":{"line":1,"column":26}},"1":{"start":{"line":3,"column":21},"end":{"line":63,"column":2}},"2":{"start":{"line":65,"column":0},"end":{"line":65,"column":30}}},"fnMap":{},"branchMap":{},"s":{"0":1,"1":1,"2":1},"f":{},"b":{},"_coverageSchema":"1a1c01bbd47fc00a2c39e90264f33305004495a9","hash":"8f21ca494abec26c9219f3e8ec7c84a6513f34d8"}
,"/Users/jeffersonchukwuka/IdeaProjects/ss24-web-service/src/api/model/user/User.js": {"path":"/Users/jeffersonchukwuka/IdeaProjects/ss24-web-service/src/api/model/user/User.js","statementMap":{"0":{"start":{"line":1,"column":23},"end":{"line":1,"column":38}},"1":{"start":{"line":4,"column":8},"end":{"line":4,"column":27}},"2":{"start":{"line":5,"column":8},"end":{"line":5,"column":25}},"3":{"start":{"line":6,"column":8},"end":{"line":6,"column":33}},"4":{"start":{"line":7,"column":8},"end":{"line":7,"column":33}},"5":{"start":{"line":8,"column":8},"end":{"line":8,"column":27}},"6":{"start":{"line":9,"column":8},"end":{"line":9,"column":50}},"7":{"start":{"line":12,"column":0},"end":{"line":12,"column":22}}},"fnMap":{"0":{"name":"(anonymous_0)","decl":{"start":{"line":3,"column":4},"end":{"line":3,"column":5}},"loc":{"start":{"line":3,"column":51},"end":{"line":10,"column":5}},"line":3}},"branchMap":{},"s":{"0":1,"1":0,"2":0,"3":0,"4":0,"5":0,"6":0,"7":1},"f":{"0":0},"b":{},"_coverageSchema":"1a1c01bbd47fc00a2c39e90264f33305004495a9","hash":"5775e742cb2442452be53a7c8fa66d951c884851"}
,"/Users/jeffersonchukwuka/IdeaProjects/ss24-web-service/src/api/routes/_index.js": {"path":"/Users/jeffersonchukwuka/IdeaProjects/ss24-web-service/src/api/routes/_index.js","statementMap":{"0":{"start":{"line":1,"column":16},"end":{"line":1,"column":34}},"1":{"start":{"line":2,"column":15},"end":{"line":2,"column":50}},"2":{"start":{"line":3,"column":12},"end":{"line":3,"column":35}},"3":{"start":{"line":4,"column":17},"end":{"line":4,"column":36}},"4":{"start":{"line":6,"column":15},"end":{"line":6,"column":48}},"5":{"start":{"line":7,"column":21},"end":{"line":7,"column":61}},"6":{"start":{"line":8,"column":34},"end":{"line":8,"column":80}},"7":{"start":{"line":9,"column":21},"end":{"line":9,"column":87}},"8":{"start":{"line":10,"column":21},"end":{"line":10,"column":87}},"9":{"start":{"line":11,"column":21},"end":{"line":11,"column":87}},"10":{"start":{"line":12,"column":39},"end":{"line":12,"column":103}},"11":{"start":{"line":15,"column":19},"end":{"line":15,"column":81}},"12":{"start":{"line":16,"column":20},"end":{"line":16,"column":80}},"13":{"start":{"line":17,"column":18},"end":{"line":17,"column":71}},"14":{"start":{"line":19,"column":29},"end":{"line":19,"column":55}},"15":{"start":{"line":21,"column":0},"end":{"line":38,"column":3}}},"fnMap":{},"branchMap":{},"s":{"0":1,"1":1,"2":1,"3":1,"4":1,"5":1,"6":1,"7":1,"8":1,"9":1,"10":1,"11":1,"12":1,"13":1,"14":1,"15":1},"f":{},"b":{},"_coverageSchema":"1a1c01bbd47fc00a2c39e90264f33305004495a9","hash":"819c2155a04d6f99046ab961ade0928ac50085e2"}
,"/Users/jeffersonchukwuka/IdeaProjects/ss24-web-service/src/api/routes/avatarRoutes.js": {"path":"/Users/jeffersonchukwuka/IdeaProjects/ss24-web-service/src/api/routes/avatarRoutes.js","statementMap":{"0":{"start":{"line":12,"column":5},"end":{"line":12,"column":24}},"1":{"start":{"line":14,"column":0},"end":{"line":16,"column":32}},"2":{"start":{"line":18,"column":0},"end":{"line":21,"column":33}},"3":{"start":{"line":23,"column":0},"end":{"line":23,"column":24}}},"fnMap":{},"branchMap":{},"s":{"0":1,"1":1,"2":1,"3":1},"f":{},"b":{},"_coverageSchema":"1a1c01bbd47fc00a2c39e90264f33305004495a9","hash":"c8c08a25a7fa8ebbd03f59b8376f43999adde282"}
,"/Users/jeffersonchukwuka/IdeaProjects/ss24-web-service/src/api/routes/userRoutes.js": {"path":"/Users/jeffersonchukwuka/IdeaProjects/ss24-web-service/src/api/routes/userRoutes.js","statementMap":{"0":{"start":{"line":1,"column":44},"end":{"line":1,"column":63}},"1":{"start":{"line":2,"column":17},"end":{"line":2,"column":36}},"2":{"start":{"line":5,"column":0},"end":{"line":5,"column":37}},"3":{"start":{"line":8,"column":0},"end":{"line":8,"column":84}},"4":{"start":{"line":10,"column":0},"end":{"line":10,"column":24}}},"fnMap":{},"branchMap":{},"s":{"0":1,"1":1,"2":1,"3":1,"4":1},"f":{},"b":{},"_coverageSchema":"1a1c01bbd47fc00a2c39e90264f33305004495a9","hash":"b22fe20583e42f31f1ab67a7e9f52e11db0c3c9b"}
}
